{"timestamp": "2025-08-03T21:39:06.751551+00:00", "type": "scheduler", "data": {"message": "Processing batch group 1"}}
{"timestamp": "2025-08-03T21:39:11.037394+00:00", "type": "download", "data": {"message": "Saved: E:\\dumps\\arxiv\\physics_20250803_213911.txt", "url": "http://export.arxiv.org/rss/physics"}}
{"timestamp": "2025-08-03T21:39:12.106836+00:00", "type": "error:download", "data": {"message": "Failed http://export.arxiv.org/api/query?search_query=cat:cs.AI&max_results=5: [Errno 22] Invalid argument: 'E:\\\\dumps\\\\arxiv\\\\query?search_query=cat:cs.AI&max_results=5_20250803_213912.txt'"}}
{"timestamp": "2025-08-03T21:39:12.119801+00:00", "type": "error:download", "data": {"message": "Failed http://export.arxiv.org/api/query?search_query=cat:physics.chem-ph&max_results=5: [Errno 22] Invalid argument: 'E:\\\\dumps\\\\arxiv\\\\query?search_query=cat:physics.chem-ph&max_results=5_20250803_213912.txt'"}}
{"timestamp": "2025-08-03T21:39:12.125785+00:00", "type": "error:download", "data": {"message": "Failed http://export.arxiv.org/api/query?search_query=cat:physics.bio-ph&max_results=5: [Errno 22] Invalid argument: 'E:\\\\dumps\\\\arxiv\\\\query?search_query=cat:physics.bio-ph&max_results=5_20250803_213912.txt'"}}
{"timestamp": "2025-08-03T21:39:12.128777+00:00", "type": "error:download", "data": {"message": "Failed http://export.arxiv.org/api/query?search_query=cat:stat.ML&max_results=5: [Errno 22] Invalid argument: 'E:\\\\dumps\\\\arxiv\\\\query?search_query=cat:stat.ML&max_results=5_20250803_213912.txt'"}}
{"timestamp": "2025-08-03T21:39:12.131769+00:00", "type": "error:download", "data": {"message": "Failed http://export.arxiv.org/api/query?search_query=cat:physics.hist-ph&max_results=5: [Errno 22] Invalid argument: 'E:\\\\dumps\\\\arxiv\\\\query?search_query=cat:physics.hist-ph&max_results=5_20250803_213912.txt'"}}
{"timestamp": "2025-08-03T21:39:12.134761+00:00", "type": "error:download", "data": {"message": "Failed http://export.arxiv.org/api/query?search_query=cat:physics.soc-ph&max_results=5: [Errno 22] Invalid argument: 'E:\\\\dumps\\\\arxiv\\\\query?search_query=cat:physics.soc-ph&max_results=5_20250803_213912.txt'"}}
{"timestamp": "2025-08-03T21:39:12.139747+00:00", "type": "error:download", "data": {"message": "Failed http://export.arxiv.org/api/query?search_query=cat:physics.gen-ph&max_results=5: [Errno 22] Invalid argument: 'E:\\\\dumps\\\\arxiv\\\\query?search_query=cat:physics.gen-ph&max_results=5_20250803_213912.txt'"}}
{"timestamp": "2025-08-03T21:39:12.145731+00:00", "type": "error:download", "data": {"message": "Failed http://export.arxiv.org/api/query?search_query=cat:cs.CL&max_results=5: [Errno 22] Invalid argument: 'E:\\\\dumps\\\\arxiv\\\\query?search_query=cat:cs.CL&max_results=5_20250803_213912.txt'"}}
{"timestamp": "2025-08-03T21:39:12.150719+00:00", "type": "error:download", "data": {"message": "Failed http://export.arxiv.org/api/query?search_query=cat:q-bio.NC&max_results=5: [Errno 22] Invalid argument: 'E:\\\\dumps\\\\arxiv\\\\query?search_query=cat:q-bio.NC&max_results=5_20250803_213912.txt'"}}
{"timestamp": "2025-08-03T21:39:12.170665+00:00", "type": "error:download", "data": {"message": "Failed http://export.arxiv.org/api/query?search_query=cat:math.GM&max_results=5: [Errno 22] Invalid argument: 'E:\\\\dumps\\\\arxiv\\\\query?search_query=cat:math.GM&max_results=5_20250803_213912.txt'"}}
{"timestamp": "2025-08-03T21:55:21.314133+00:00", "type": "scheduler", "data": {"message": "Processing batch group 1"}}
{"timestamp": "2025-08-03T21:55:25.617223+00:00", "type": "download", "data": {"message": "Saved: E:\\dumps\\arxiv\\physics_20250803_215525.txt", "url": "http://export.arxiv.org/rss/physics"}}
{"timestamp": "2025-08-03T21:55:26.334750+00:00", "type": "error:download", "data": {"message": "Failed http://export.arxiv.org/api/query?search_query=cat:physics.chem-ph&max_results=5: [Errno 22] Invalid argument: 'E:\\\\dumps\\\\arxiv\\\\query?search_query=cat:physics.chem-ph&max_results=5_20250803_215526.txt'"}}
{"timestamp": "2025-08-03T21:55:26.334750+00:00", "type": "error:download", "data": {"message": "Failed http://export.arxiv.org/api/query?search_query=cat:physics.gen-ph&max_results=5: [Errno 22] Invalid argument: 'E:\\\\dumps\\\\arxiv\\\\query?search_query=cat:physics.gen-ph&max_results=5_20250803_215526.txt'"}}
{"timestamp": "2025-08-03T21:55:26.350712+00:00", "type": "error:download", "data": {"message": "Failed http://export.arxiv.org/api/query?search_query=cat:math.GM&max_results=5: [Errno 22] Invalid argument: 'E:\\\\dumps\\\\arxiv\\\\query?search_query=cat:math.GM&max_results=5_20250803_215526.txt'"}}
{"timestamp": "2025-08-03T21:55:26.360681+00:00", "type": "error:download", "data": {"message": "Failed http://export.arxiv.org/api/query?search_query=cat:cs.AI&max_results=5: [Errno 22] Invalid argument: 'E:\\\\dumps\\\\arxiv\\\\query?search_query=cat:cs.AI&max_results=5_20250803_215526.txt'"}}
{"timestamp": "2025-08-03T21:55:26.378632+00:00", "type": "error:download", "data": {"message": "Failed http://export.arxiv.org/api/query?search_query=cat:physics.hist-ph&max_results=5: [Errno 22] Invalid argument: 'E:\\\\dumps\\\\arxiv\\\\query?search_query=cat:physics.hist-ph&max_results=5_20250803_215526.txt'"}}
{"timestamp": "2025-08-03T21:55:26.379630+00:00", "type": "error:download", "data": {"message": "Failed http://export.arxiv.org/api/query?search_query=cat:cs.CL&max_results=5: [Errno 22] Invalid argument: 'E:\\\\dumps\\\\arxiv\\\\query?search_query=cat:cs.CL&max_results=5_20250803_215526.txt'"}}
{"timestamp": "2025-08-03T21:55:26.381629+00:00", "type": "error:download", "data": {"message": "Failed http://export.arxiv.org/api/query?search_query=cat:q-bio.NC&max_results=5: [Errno 22] Invalid argument: 'E:\\\\dumps\\\\arxiv\\\\query?search_query=cat:q-bio.NC&max_results=5_20250803_215526.txt'"}}
{"timestamp": "2025-08-03T21:55:26.386615+00:00", "type": "error:download", "data": {"message": "Failed http://export.arxiv.org/api/query?search_query=cat:physics.soc-ph&max_results=5: [Errno 22] Invalid argument: 'E:\\\\dumps\\\\arxiv\\\\query?search_query=cat:physics.soc-ph&max_results=5_20250803_215526.txt'"}}
{"timestamp": "2025-08-03T21:55:26.402568+00:00", "type": "error:download", "data": {"message": "Failed http://export.arxiv.org/api/query?search_query=cat:stat.ML&max_results=5: [Errno 22] Invalid argument: 'E:\\\\dumps\\\\arxiv\\\\query?search_query=cat:stat.ML&max_results=5_20250803_215526.txt'"}}
{"timestamp": "2025-08-03T21:55:26.407555+00:00", "type": "error:download", "data": {"message": "Failed http://export.arxiv.org/api/query?search_query=cat:physics.bio-ph&max_results=5: [Errno 22] Invalid argument: 'E:\\\\dumps\\\\arxiv\\\\query?search_query=cat:physics.bio-ph&max_results=5_20250803_215526.txt'"}}
{"timestamp": "2025-08-03T21:56:42.108273+00:00", "type": "scheduler", "data": {"message": "Processing batch group 1"}}
{"timestamp": "2025-08-03T21:56:46.430508+00:00", "type": "download", "data": {"message": "Saved: E:\\dumps\\arxiv\\physics_20250803_215646.txt", "url": "http://export.arxiv.org/rss/physics"}}
{"timestamp": "2025-08-03T21:56:46.749715+00:00", "type": "error:download", "data": {"message": "Failed http://export.arxiv.org/api/query?search_query=cat:math.GM&max_results=5: [Errno 22] Invalid argument: 'E:\\\\dumps\\\\arxiv\\\\query?search_query=cat:math.GM&max_results=5_20250803_215646.txt'"}}
{"timestamp": "2025-08-03T21:56:46.752712+00:00", "type": "error:download", "data": {"message": "Failed http://export.arxiv.org/api/query?search_query=cat:cs.CL&max_results=5: [Errno 22] Invalid argument: 'E:\\\\dumps\\\\arxiv\\\\query?search_query=cat:cs.CL&max_results=5_20250803_215646.txt'"}}
{"timestamp": "2025-08-03T21:56:46.755699+00:00", "type": "error:download", "data": {"message": "Failed http://export.arxiv.org/api/query?search_query=cat:physics.hist-ph&max_results=5: [Errno 22] Invalid argument: 'E:\\\\dumps\\\\arxiv\\\\query?search_query=cat:physics.hist-ph&max_results=5_20250803_215646.txt'"}}
{"timestamp": "2025-08-03T21:56:46.758691+00:00", "type": "error:download", "data": {"message": "Failed http://export.arxiv.org/api/query?search_query=cat:physics.gen-ph&max_results=5: [Errno 22] Invalid argument: 'E:\\\\dumps\\\\arxiv\\\\query?search_query=cat:physics.gen-ph&max_results=5_20250803_215646.txt'"}}
{"timestamp": "2025-08-03T21:56:46.764680+00:00", "type": "error:download", "data": {"message": "Failed http://export.arxiv.org/api/query?search_query=cat:physics.chem-ph&max_results=5: [Errno 22] Invalid argument: 'E:\\\\dumps\\\\arxiv\\\\query?search_query=cat:physics.chem-ph&max_results=5_20250803_215646.txt'"}}
{"timestamp": "2025-08-03T21:56:46.780632+00:00", "type": "error:download", "data": {"message": "Failed http://export.arxiv.org/api/query?search_query=cat:physics.soc-ph&max_results=5: [Errno 22] Invalid argument: 'E:\\\\dumps\\\\arxiv\\\\query?search_query=cat:physics.soc-ph&max_results=5_20250803_215646.txt'"}}
{"timestamp": "2025-08-03T21:56:46.786617+00:00", "type": "error:download", "data": {"message": "Failed http://export.arxiv.org/api/query?search_query=cat:q-bio.NC&max_results=5: [Errno 22] Invalid argument: 'E:\\\\dumps\\\\arxiv\\\\query?search_query=cat:q-bio.NC&max_results=5_20250803_215646.txt'"}}
{"timestamp": "2025-08-03T21:56:46.791608+00:00", "type": "error:download", "data": {"message": "Failed http://export.arxiv.org/api/query?search_query=cat:cs.AI&max_results=5: [Errno 22] Invalid argument: 'E:\\\\dumps\\\\arxiv\\\\query?search_query=cat:cs.AI&max_results=5_20250803_215646.txt'"}}
{"timestamp": "2025-08-03T21:56:46.868398+00:00", "type": "error:download", "data": {"message": "Failed http://export.arxiv.org/api/query?search_query=cat:physics.bio-ph&max_results=5: [Errno 22] Invalid argument: 'E:\\\\dumps\\\\arxiv\\\\query?search_query=cat:physics.bio-ph&max_results=5_20250803_215646.txt'"}}
{"timestamp": "2025-08-03T21:56:46.891336+00:00", "type": "error:download", "data": {"message": "Failed http://export.arxiv.org/api/query?search_query=cat:stat.ML&max_results=5: [Errno 22] Invalid argument: 'E:\\\\dumps\\\\arxiv\\\\query?search_query=cat:stat.ML&max_results=5_20250803_215646.txt'"}}
{"timestamp": "2025-08-03T22:05:34.005691+00:00", "type": "scheduler", "data": {"message": "Processing batch group 1"}}
{"timestamp": "2025-08-03T22:05:38.268067+00:00", "type": "download", "data": {"message": "Saved: E:\\dumps\\arxiv\\physics_20250803_220538.txt", "url": "http://export.arxiv.org/rss/physics"}}
{"timestamp": "2025-08-03T22:05:39.213851+00:00", "type": "error:download", "data": {"message": "Failed http://export.arxiv.org/api/query?search_query=cat:physics.gen-ph&max_results=5: [Errno 22] Invalid argument: 'E:\\\\dumps\\\\arxiv\\\\query?search_query=cat:physics.gen-ph&max_results=5_20250803_220539.txt'"}}
{"timestamp": "2025-08-03T22:05:39.287625+00:00", "type": "error:download", "data": {"message": "Failed http://export.arxiv.org/api/query?search_query=cat:physics.soc-ph&max_results=5: [Errno 22] Invalid argument: 'E:\\\\dumps\\\\arxiv\\\\query?search_query=cat:physics.soc-ph&max_results=5_20250803_220539.txt'"}}
{"timestamp": "2025-08-03T22:05:39.293609+00:00", "type": "error:download", "data": {"message": "Failed http://export.arxiv.org/api/query?search_query=cat:stat.ML&max_results=5: [Errno 22] Invalid argument: 'E:\\\\dumps\\\\arxiv\\\\query?search_query=cat:stat.ML&max_results=5_20250803_220539.txt'"}}
{"timestamp": "2025-08-03T22:05:39.442278+00:00", "type": "error:download", "data": {"message": "Failed http://export.arxiv.org/api/query?search_query=cat:cs.CL&max_results=5: [Errno 22] Invalid argument: 'E:\\\\dumps\\\\arxiv\\\\query?search_query=cat:cs.CL&max_results=5_20250803_220539.txt'"}}
{"timestamp": "2025-08-03T22:05:39.447265+00:00", "type": "error:download", "data": {"message": "Failed http://export.arxiv.org/api/query?search_query=cat:math.GM&max_results=5: [Errno 22] Invalid argument: 'E:\\\\dumps\\\\arxiv\\\\query?search_query=cat:math.GM&max_results=5_20250803_220539.txt'"}}
{"timestamp": "2025-08-03T22:05:39.449259+00:00", "type": "error:download", "data": {"message": "Failed http://export.arxiv.org/api/query?search_query=cat:physics.hist-ph&max_results=5: [Errno 22] Invalid argument: 'E:\\\\dumps\\\\arxiv\\\\query?search_query=cat:physics.hist-ph&max_results=5_20250803_220539.txt'"}}
{"timestamp": "2025-08-03T22:05:39.449259+00:00", "type": "error:download", "data": {"message": "Failed http://export.arxiv.org/api/query?search_query=cat:physics.chem-ph&max_results=5: [Errno 22] Invalid argument: 'E:\\\\dumps\\\\arxiv\\\\query?search_query=cat:physics.chem-ph&max_results=5_20250803_220539.txt'"}}
{"timestamp": "2025-08-03T22:05:39.501174+00:00", "type": "error:download", "data": {"message": "Failed http://export.arxiv.org/api/query?search_query=cat:physics.bio-ph&max_results=5: [Errno 22] Invalid argument: 'E:\\\\dumps\\\\arxiv\\\\query?search_query=cat:physics.bio-ph&max_results=5_20250803_220539.txt'"}}
{"timestamp": "2025-08-03T22:05:40.225476+00:00", "type": "error:download", "data": {"message": "Failed http://export.arxiv.org/api/query?search_query=cat:cs.AI&max_results=5: [Errno 22] Invalid argument: 'E:\\\\dumps\\\\arxiv\\\\query?search_query=cat:cs.AI&max_results=5_20250803_220540.txt'"}}
{"timestamp": "2025-08-03T22:05:40.249417+00:00", "type": "error:download", "data": {"message": "Failed http://export.arxiv.org/api/query?search_query=cat:q-bio.NC&max_results=5: [Errno 22] Invalid argument: 'E:\\\\dumps\\\\arxiv\\\\query?search_query=cat:q-bio.NC&max_results=5_20250803_220540.txt'"}}
{"timestamp": "2025-08-03T22:05:40.319226+00:00", "type": "scheduler", "data": {"message": "Cycle 1 complete. 1 batches remaining."}}
{"timestamp": "2025-08-03T22:07:04.632147+00:00", "type": "scheduler", "data": {"message": "Processing batch group 2"}}
{"timestamp": "2025-08-03T22:07:10.141588+00:00", "type": "download", "data": {"message": "Saved: E:\\dumps\\arxiv\\physics_20250803_220710.txt", "url": "http://export.arxiv.org/rss/physics"}}
{"timestamp": "2025-08-03T22:07:10.472991+00:00", "type": "error:download", "data": {"message": "Failed http://export.arxiv.org/api/query?search_query=cat:physics.gen-ph&max_results=5: [Errno 22] Invalid argument: 'E:\\\\dumps\\\\arxiv\\\\query?search_query=cat:physics.gen-ph&max_results=5_20250803_220710.txt'"}}
{"timestamp": "2025-08-03T22:07:10.556801+00:00", "type": "error:download", "data": {"message": "Failed http://export.arxiv.org/api/query?search_query=cat:cs.CL&max_results=5: [Errno 22] Invalid argument: 'E:\\\\dumps\\\\arxiv\\\\query?search_query=cat:cs.CL&max_results=5_20250803_220710.txt'"}}
{"timestamp": "2025-08-03T22:07:10.558790+00:00", "type": "error:download", "data": {"message": "Failed http://export.arxiv.org/api/query?search_query=cat:physics.chem-ph&max_results=5: [Errno 22] Invalid argument: 'E:\\\\dumps\\\\arxiv\\\\query?search_query=cat:physics.chem-ph&max_results=5_20250803_220710.txt'"}}
{"timestamp": "2025-08-03T22:07:10.562784+00:00", "type": "error:download", "data": {"message": "Failed http://export.arxiv.org/api/query?search_query=cat:math.GM&max_results=5: [Errno 22] Invalid argument: 'E:\\\\dumps\\\\arxiv\\\\query?search_query=cat:math.GM&max_results=5_20250803_220710.txt'"}}
{"timestamp": "2025-08-03T22:07:10.594719+00:00", "type": "error:download", "data": {"message": "Failed http://export.arxiv.org/api/query?search_query=cat:physics.bio-ph&max_results=5: [Errno 22] Invalid argument: 'E:\\\\dumps\\\\arxiv\\\\query?search_query=cat:physics.bio-ph&max_results=5_20250803_220710.txt'"}}
{"timestamp": "2025-08-03T22:07:10.595692+00:00", "type": "error:download", "data": {"message": "Failed http://export.arxiv.org/api/query?search_query=cat:cs.AI&max_results=5: [Errno 22] Invalid argument: 'E:\\\\dumps\\\\arxiv\\\\query?search_query=cat:cs.AI&max_results=5_20250803_220710.txt'"}}
{"timestamp": "2025-08-03T22:07:10.599653+00:00", "type": "error:download", "data": {"message": "Failed http://export.arxiv.org/api/query?search_query=cat:physics.hist-ph&max_results=5: [Errno 22] Invalid argument: 'E:\\\\dumps\\\\arxiv\\\\query?search_query=cat:physics.hist-ph&max_results=5_20250803_220710.txt'"}}
{"timestamp": "2025-08-03T22:07:10.627013+00:00", "type": "error:download", "data": {"message": "Failed http://export.arxiv.org/api/query?search_query=cat:physics.soc-ph&max_results=5: [Errno 22] Invalid argument: 'E:\\\\dumps\\\\arxiv\\\\query?search_query=cat:physics.soc-ph&max_results=5_20250803_220710.txt'"}}
{"timestamp": "2025-08-03T22:07:10.628006+00:00", "type": "error:download", "data": {"message": "Failed http://export.arxiv.org/api/query?search_query=cat:q-bio.NC&max_results=5: [Errno 22] Invalid argument: 'E:\\\\dumps\\\\arxiv\\\\query?search_query=cat:q-bio.NC&max_results=5_20250803_220710.txt'"}}
{"timestamp": "2025-08-03T22:07:10.677211+00:00", "type": "error:download", "data": {"message": "Failed http://export.arxiv.org/api/query?search_query=cat:stat.ML&max_results=5: [Errno 22] Invalid argument: 'E:\\\\dumps\\\\arxiv\\\\query?search_query=cat:stat.ML&max_results=5_20250803_220710.txt'"}}
{"timestamp": "2025-08-03T22:07:10.734053+00:00", "type": "scheduler", "data": {"message": "Cycle 2 complete. 1 batches remaining."}}
{"timestamp": "2025-08-03T22:07:31.159552+00:00", "type": "scheduler", "data": {"message": "Processing batch group 3"}}
{"timestamp": "2025-08-03T22:07:35.337869+00:00", "type": "download", "data": {"message": "Saved: E:\\dumps\\arxiv\\physics_20250803_220735.txt", "url": "http://export.arxiv.org/rss/physics"}}
{"timestamp": "2025-08-03T22:07:35.758744+00:00", "type": "error:download", "data": {"message": "Failed http://export.arxiv.org/api/query?search_query=cat:physics.gen-ph&max_results=5: [Errno 22] Invalid argument: 'E:\\\\dumps\\\\arxiv\\\\query?search_query=cat:physics.gen-ph&max_results=5_20250803_220735.txt'"}}
{"timestamp": "2025-08-03T22:07:35.823569+00:00", "type": "error:download", "data": {"message": "Failed http://export.arxiv.org/api/query?search_query=cat:math.GM&max_results=5: [Errno 22] Invalid argument: 'E:\\\\dumps\\\\arxiv\\\\query?search_query=cat:math.GM&max_results=5_20250803_220735.txt'"}}
{"timestamp": "2025-08-03T22:07:35.828556+00:00", "type": "error:download", "data": {"message": "Failed http://export.arxiv.org/api/query?search_query=cat:physics.chem-ph&max_results=5: [Errno 22] Invalid argument: 'E:\\\\dumps\\\\arxiv\\\\query?search_query=cat:physics.chem-ph&max_results=5_20250803_220735.txt'"}}
{"timestamp": "2025-08-03T22:07:35.833542+00:00", "type": "error:download", "data": {"message": "Failed http://export.arxiv.org/api/query?search_query=cat:cs.AI&max_results=5: [Errno 22] Invalid argument: 'E:\\\\dumps\\\\arxiv\\\\query?search_query=cat:cs.AI&max_results=5_20250803_220735.txt'"}}
{"timestamp": "2025-08-03T22:07:35.850526+00:00", "type": "error:download", "data": {"message": "Failed http://export.arxiv.org/api/query?search_query=cat:cs.CL&max_results=5: [Errno 22] Invalid argument: 'E:\\\\dumps\\\\arxiv\\\\query?search_query=cat:cs.CL&max_results=5_20250803_220735.txt'"}}
{"timestamp": "2025-08-03T22:07:35.852520+00:00", "type": "error:download", "data": {"message": "Failed http://export.arxiv.org/api/query?search_query=cat:physics.soc-ph&max_results=5: [Errno 22] Invalid argument: 'E:\\\\dumps\\\\arxiv\\\\query?search_query=cat:physics.soc-ph&max_results=5_20250803_220735.txt'"}}
{"timestamp": "2025-08-03T22:07:35.859502+00:00", "type": "error:download", "data": {"message": "Failed http://export.arxiv.org/api/query?search_query=cat:q-bio.NC&max_results=5: [Errno 22] Invalid argument: 'E:\\\\dumps\\\\arxiv\\\\query?search_query=cat:q-bio.NC&max_results=5_20250803_220735.txt'"}}
{"timestamp": "2025-08-03T22:07:35.884435+00:00", "type": "error:download", "data": {"message": "Failed http://export.arxiv.org/api/query?search_query=cat:physics.hist-ph&max_results=5: [Errno 22] Invalid argument: 'E:\\\\dumps\\\\arxiv\\\\query?search_query=cat:physics.hist-ph&max_results=5_20250803_220735.txt'"}}
{"timestamp": "2025-08-03T22:07:35.911335+00:00", "type": "error:download", "data": {"message": "Failed http://export.arxiv.org/api/query?search_query=cat:physics.bio-ph&max_results=5: [Errno 22] Invalid argument: 'E:\\\\dumps\\\\arxiv\\\\query?search_query=cat:physics.bio-ph&max_results=5_20250803_220735.txt'"}}
{"timestamp": "2025-08-03T22:07:35.930283+00:00", "type": "error:download", "data": {"message": "Failed http://export.arxiv.org/api/query?search_query=cat:stat.ML&max_results=5: [Errno 22] Invalid argument: 'E:\\\\dumps\\\\arxiv\\\\query?search_query=cat:stat.ML&max_results=5_20250803_220735.txt'"}}
{"timestamp": "2025-08-03T22:07:36.033410+00:00", "type": "scheduler", "data": {"message": "Cycle 3 complete. 1 batches remaining."}}
{"timestamp": "2025-08-03T22:07:53.647045+00:00", "type": "scheduler", "data": {"message": "Processing batch group 4"}}
{"timestamp": "2025-08-03T22:07:57.802926+00:00", "type": "download", "data": {"message": "Saved: E:\\dumps\\arxiv\\physics_20250803_220757.txt", "url": "http://export.arxiv.org/rss/physics"}}
{"timestamp": "2025-08-03T22:07:58.094147+00:00", "type": "error:download", "data": {"message": "Failed http://export.arxiv.org/api/query?search_query=cat:physics.gen-ph&max_results=5: [Errno 22] Invalid argument: 'E:\\\\dumps\\\\arxiv\\\\query?search_query=cat:physics.gen-ph&max_results=5_20250803_220758.txt'"}}
{"timestamp": "2025-08-03T22:07:58.182910+00:00", "type": "error:download", "data": {"message": "Failed http://export.arxiv.org/api/query?search_query=cat:physics.chem-ph&max_results=5: [Errno 22] Invalid argument: 'E:\\\\dumps\\\\arxiv\\\\query?search_query=cat:physics.chem-ph&max_results=5_20250803_220758.txt'"}}
{"timestamp": "2025-08-03T22:07:58.195875+00:00", "type": "error:download", "data": {"message": "Failed http://export.arxiv.org/api/query?search_query=cat:math.GM&max_results=5: [Errno 22] Invalid argument: 'E:\\\\dumps\\\\arxiv\\\\query?search_query=cat:math.GM&max_results=5_20250803_220758.txt'"}}
{"timestamp": "2025-08-03T22:07:58.208840+00:00", "type": "error:download", "data": {"message": "Failed http://export.arxiv.org/api/query?search_query=cat:cs.CL&max_results=5: [Errno 22] Invalid argument: 'E:\\\\dumps\\\\arxiv\\\\query?search_query=cat:cs.CL&max_results=5_20250803_220758.txt'"}}
{"timestamp": "2025-08-03T22:07:58.209838+00:00", "type": "error:download", "data": {"message": "Failed http://export.arxiv.org/api/query?search_query=cat:physics.hist-ph&max_results=5: [Errno 22] Invalid argument: 'E:\\\\dumps\\\\arxiv\\\\query?search_query=cat:physics.hist-ph&max_results=5_20250803_220758.txt'"}}
{"timestamp": "2025-08-03T22:07:58.220809+00:00", "type": "error:download", "data": {"message": "Failed http://export.arxiv.org/api/query?search_query=cat:cs.AI&max_results=5: [Errno 22] Invalid argument: 'E:\\\\dumps\\\\arxiv\\\\query?search_query=cat:cs.AI&max_results=5_20250803_220758.txt'"}}
{"timestamp": "2025-08-03T22:07:58.225795+00:00", "type": "error:download", "data": {"message": "Failed http://export.arxiv.org/api/query?search_query=cat:physics.soc-ph&max_results=5: [Errno 22] Invalid argument: 'E:\\\\dumps\\\\arxiv\\\\query?search_query=cat:physics.soc-ph&max_results=5_20250803_220758.txt'"}}
{"timestamp": "2025-08-03T22:07:58.225795+00:00", "type": "error:download", "data": {"message": "Failed http://export.arxiv.org/api/query?search_query=cat:physics.bio-ph&max_results=5: [Errno 22] Invalid argument: 'E:\\\\dumps\\\\arxiv\\\\query?search_query=cat:physics.bio-ph&max_results=5_20250803_220758.txt'"}}
{"timestamp": "2025-08-03T22:07:58.236765+00:00", "type": "error:download", "data": {"message": "Failed http://export.arxiv.org/api/query?search_query=cat:q-bio.NC&max_results=5: [Errno 22] Invalid argument: 'E:\\\\dumps\\\\arxiv\\\\query?search_query=cat:q-bio.NC&max_results=5_20250803_220758.txt'"}}
{"timestamp": "2025-08-03T22:07:58.247735+00:00", "type": "error:download", "data": {"message": "Failed http://export.arxiv.org/api/query?search_query=cat:stat.ML&max_results=5: [Errno 22] Invalid argument: 'E:\\\\dumps\\\\arxiv\\\\query?search_query=cat:stat.ML&max_results=5_20250803_220758.txt'"}}
{"timestamp": "2025-08-03T22:07:58.358440+00:00", "type": "scheduler", "data": {"message": "Cycle 4 complete. 1 batches remaining."}}
{"timestamp": "2025-08-03T22:08:11.663193+00:00", "type": "scheduler", "data": {"message": "Processing batch group 5"}}
{"timestamp": "2025-08-03T22:08:15.832731+00:00", "type": "download", "data": {"message": "Saved: E:\\dumps\\arxiv\\physics_20250803_220815.txt", "url": "http://export.arxiv.org/rss/physics"}}
{"timestamp": "2025-08-03T22:08:16.158944+00:00", "type": "error:download", "data": {"message": "Failed http://export.arxiv.org/api/query?search_query=cat:physics.gen-ph&max_results=5: [Errno 22] Invalid argument: 'E:\\\\dumps\\\\arxiv\\\\query?search_query=cat:physics.gen-ph&max_results=5_20250803_220816.txt'"}}
{"timestamp": "2025-08-03T22:08:16.271640+00:00", "type": "error:download", "data": {"message": "Failed http://export.arxiv.org/api/query?search_query=cat:physics.chem-ph&max_results=5: [Errno 22] Invalid argument: 'E:\\\\dumps\\\\arxiv\\\\query?search_query=cat:physics.chem-ph&max_results=5_20250803_220816.txt'"}}
{"timestamp": "2025-08-03T22:08:16.288595+00:00", "type": "error:download", "data": {"message": "Failed http://export.arxiv.org/api/query?search_query=cat:math.GM&max_results=5: [Errno 22] Invalid argument: 'E:\\\\dumps\\\\arxiv\\\\query?search_query=cat:math.GM&max_results=5_20250803_220816.txt'"}}
{"timestamp": "2025-08-03T22:08:16.297571+00:00", "type": "error:download", "data": {"message": "Failed http://export.arxiv.org/api/query?search_query=cat:physics.hist-ph&max_results=5: [Errno 22] Invalid argument: 'E:\\\\dumps\\\\arxiv\\\\query?search_query=cat:physics.hist-ph&max_results=5_20250803_220816.txt'"}}
{"timestamp": "2025-08-03T22:08:16.298569+00:00", "type": "error:download", "data": {"message": "Failed http://export.arxiv.org/api/query?search_query=cat:cs.AI&max_results=5: [Errno 22] Invalid argument: 'E:\\\\dumps\\\\arxiv\\\\query?search_query=cat:cs.AI&max_results=5_20250803_220816.txt'"}}
{"timestamp": "2025-08-03T22:08:16.301560+00:00", "type": "error:download", "data": {"message": "Failed http://export.arxiv.org/api/query?search_query=cat:cs.CL&max_results=5: [Errno 22] Invalid argument: 'E:\\\\dumps\\\\arxiv\\\\query?search_query=cat:cs.CL&max_results=5_20250803_220816.txt'"}}
{"timestamp": "2025-08-03T22:08:16.326494+00:00", "type": "error:download", "data": {"message": "Failed http://export.arxiv.org/api/query?search_query=cat:q-bio.NC&max_results=5: [Errno 22] Invalid argument: 'E:\\\\dumps\\\\arxiv\\\\query?search_query=cat:q-bio.NC&max_results=5_20250803_220816.txt'"}}
{"timestamp": "2025-08-03T22:08:16.334473+00:00", "type": "error:download", "data": {"message": "Failed http://export.arxiv.org/api/query?search_query=cat:physics.soc-ph&max_results=5: [Errno 22] Invalid argument: 'E:\\\\dumps\\\\arxiv\\\\query?search_query=cat:physics.soc-ph&max_results=5_20250803_220816.txt'"}}
{"timestamp": "2025-08-03T22:08:16.334473+00:00", "type": "error:download", "data": {"message": "Failed http://export.arxiv.org/api/query?search_query=cat:physics.bio-ph&max_results=5: [Errno 22] Invalid argument: 'E:\\\\dumps\\\\arxiv\\\\query?search_query=cat:physics.bio-ph&max_results=5_20250803_220816.txt'"}}
{"timestamp": "2025-08-03T22:08:16.361400+00:00", "type": "error:download", "data": {"message": "Failed http://export.arxiv.org/api/query?search_query=cat:stat.ML&max_results=5: [Errno 22] Invalid argument: 'E:\\\\dumps\\\\arxiv\\\\query?search_query=cat:stat.ML&max_results=5_20250803_220816.txt'"}}
{"timestamp": "2025-08-03T22:08:16.496040+00:00", "type": "scheduler", "data": {"message": "Cycle 5 complete. 1 batches remaining."}}
{"timestamp": "2025-08-03T22:12:59.494768+00:00", "type": "scheduler", "data": {"message": "Processing batch group 6"}}
{"timestamp": "2025-08-03T22:13:09.038975+00:00", "type": "download", "data": {"message": "Saved: E:\\dumps\\arxiv\\physics_20250803_221309.txt", "url": "http://export.arxiv.org/rss/physics"}}
{"timestamp": "2025-08-03T22:13:10.423271+00:00", "type": "error:download", "data": {"message": "Failed http://export.arxiv.org/api/query?search_query=cat:physics.gen-ph&max_results=5: [Errno 22] Invalid argument: 'E:\\\\dumps\\\\arxiv\\\\query?search_query=cat:physics.gen-ph&max_results=5_20250803_221310.txt'"}}
{"timestamp": "2025-08-03T22:13:10.427260+00:00", "type": "error:download", "data": {"message": "Failed http://export.arxiv.org/api/query?search_query=cat:physics.chem-ph&max_results=5: [Errno 22] Invalid argument: 'E:\\\\dumps\\\\arxiv\\\\query?search_query=cat:physics.chem-ph&max_results=5_20250803_221310.txt'"}}
{"timestamp": "2025-08-03T22:13:10.429255+00:00", "type": "error:download", "data": {"message": "Failed http://export.arxiv.org/api/query?search_query=cat:cs.AI&max_results=5: [Errno 22] Invalid argument: 'E:\\\\dumps\\\\arxiv\\\\query?search_query=cat:cs.AI&max_results=5_20250803_221310.txt'"}}
{"timestamp": "2025-08-03T22:13:10.437233+00:00", "type": "error:download", "data": {"message": "Failed http://export.arxiv.org/api/query?search_query=cat:cs.CL&max_results=5: [Errno 22] Invalid argument: 'E:\\\\dumps\\\\arxiv\\\\query?search_query=cat:cs.CL&max_results=5_20250803_221310.txt'"}}
{"timestamp": "2025-08-03T22:13:10.438231+00:00", "type": "error:download", "data": {"message": "Failed http://export.arxiv.org/api/query?search_query=cat:math.GM&max_results=5: [Errno 22] Invalid argument: 'E:\\\\dumps\\\\arxiv\\\\query?search_query=cat:math.GM&max_results=5_20250803_221310.txt'"}}
{"timestamp": "2025-08-03T22:13:10.440232+00:00", "type": "error:download", "data": {"message": "Failed http://export.arxiv.org/api/query?search_query=cat:q-bio.NC&max_results=5: [Errno 22] Invalid argument: 'E:\\\\dumps\\\\arxiv\\\\query?search_query=cat:q-bio.NC&max_results=5_20250803_221310.txt'"}}
{"timestamp": "2025-08-03T22:13:10.464166+00:00", "type": "error:download", "data": {"message": "Failed http://export.arxiv.org/api/query?search_query=cat:physics.hist-ph&max_results=5: [Errno 22] Invalid argument: 'E:\\\\dumps\\\\arxiv\\\\query?search_query=cat:physics.hist-ph&max_results=5_20250803_221310.txt'"}}
{"timestamp": "2025-08-03T22:13:10.482138+00:00", "type": "error:download", "data": {"message": "Failed http://export.arxiv.org/api/query?search_query=cat:stat.ML&max_results=5: [Errno 22] Invalid argument: 'E:\\\\dumps\\\\arxiv\\\\query?search_query=cat:stat.ML&max_results=5_20250803_221310.txt'"}}
{"timestamp": "2025-08-03T22:13:10.482138+00:00", "type": "error:download", "data": {"message": "Failed http://export.arxiv.org/api/query?search_query=cat:physics.soc-ph&max_results=5: [Errno 22] Invalid argument: 'E:\\\\dumps\\\\arxiv\\\\query?search_query=cat:physics.soc-ph&max_results=5_20250803_221310.txt'"}}
{"timestamp": "2025-08-03T22:13:10.488127+00:00", "type": "error:download", "data": {"message": "Failed http://export.arxiv.org/api/query?search_query=cat:physics.bio-ph&max_results=5: [Errno 22] Invalid argument: 'E:\\\\dumps\\\\arxiv\\\\query?search_query=cat:physics.bio-ph&max_results=5_20250803_221310.txt'"}}
{"timestamp": "2025-08-03T22:13:10.634730+00:00", "type": "scheduler", "data": {"message": "Cycle 6 complete. 1 batches remaining."}}
{"timestamp": "2025-08-03T23:50:14.271587+00:00", "type": "scheduler", "data": {"message": "Processing batch group 1"}}
{"timestamp": "2025-08-03T23:50:18.716997+00:00", "type": "download", "data": {"message": "Saved: E:\\dumps\\arxiv\\physics_20250803_235018.txt", "url": "http://export.arxiv.org/rss/physics"}}
{"timestamp": "2025-08-03T23:50:19.263127+00:00", "type": "error:download", "data": {"message": "Failed http://export.arxiv.org/api/query?search_query=cat:cs.AI&max_results=5: [Errno 22] Invalid argument: 'E:\\\\dumps\\\\arxiv\\\\query?search_query=cat:cs.AI&max_results=5_20250803_235019.txt'"}}
{"timestamp": "2025-08-03T23:50:19.283051+00:00", "type": "error:download", "data": {"message": "Failed http://export.arxiv.org/api/query?search_query=cat:physics.gen-ph&max_results=5: [Errno 22] Invalid argument: 'E:\\\\dumps\\\\arxiv\\\\query?search_query=cat:physics.gen-ph&max_results=5_20250803_235019.txt'"}}
{"timestamp": "2025-08-03T23:50:19.301994+00:00", "type": "error:download", "data": {"message": "Failed http://export.arxiv.org/api/query?search_query=cat:cs.CL&max_results=5: [Errno 22] Invalid argument: 'E:\\\\dumps\\\\arxiv\\\\query?search_query=cat:cs.CL&max_results=5_20250803_235019.txt'"}}
{"timestamp": "2025-08-03T23:50:19.305984+00:00", "type": "error:download", "data": {"message": "Failed http://export.arxiv.org/api/query?search_query=cat:physics.soc-ph&max_results=5: [Errno 22] Invalid argument: 'E:\\\\dumps\\\\arxiv\\\\query?search_query=cat:physics.soc-ph&max_results=5_20250803_235019.txt'"}}
{"timestamp": "2025-08-03T23:50:19.306981+00:00", "type": "error:download", "data": {"message": "Failed http://export.arxiv.org/api/query?search_query=cat:math.GM&max_results=5: [Errno 22] Invalid argument: 'E:\\\\dumps\\\\arxiv\\\\query?search_query=cat:math.GM&max_results=5_20250803_235019.txt'"}}
{"timestamp": "2025-08-03T23:50:19.321941+00:00", "type": "error:download", "data": {"message": "Failed http://export.arxiv.org/api/query?search_query=cat:q-bio.NC&max_results=5: [Errno 22] Invalid argument: 'E:\\\\dumps\\\\arxiv\\\\query?search_query=cat:q-bio.NC&max_results=5_20250803_235019.txt'"}}
{"timestamp": "2025-08-03T23:50:19.325930+00:00", "type": "error:download", "data": {"message": "Failed http://export.arxiv.org/api/query?search_query=cat:physics.chem-ph&max_results=5: [Errno 22] Invalid argument: 'E:\\\\dumps\\\\arxiv\\\\query?search_query=cat:physics.chem-ph&max_results=5_20250803_235019.txt'"}}
{"timestamp": "2025-08-03T23:50:19.337899+00:00", "type": "error:download", "data": {"message": "Failed http://export.arxiv.org/api/query?search_query=cat:physics.hist-ph&max_results=5: [Errno 22] Invalid argument: 'E:\\\\dumps\\\\arxiv\\\\query?search_query=cat:physics.hist-ph&max_results=5_20250803_235019.txt'"}}
{"timestamp": "2025-08-03T23:50:19.366852+00:00", "type": "error:download", "data": {"message": "Failed http://export.arxiv.org/api/query?search_query=cat:physics.bio-ph&max_results=5: [Errno 22] Invalid argument: 'E:\\\\dumps\\\\arxiv\\\\query?search_query=cat:physics.bio-ph&max_results=5_20250803_235019.txt'"}}
{"timestamp": "2025-08-03T23:50:19.557846+00:00", "type": "error:download", "data": {"message": "Failed http://export.arxiv.org/api/query?search_query=cat:stat.ML&max_results=5: [Errno 22] Invalid argument: 'E:\\\\dumps\\\\arxiv\\\\query?search_query=cat:stat.ML&max_results=5_20250803_235019.txt'"}}
