{"timestamp": "2025-08-03T21:39:06.751551+00:00", "type": "scheduler", "data": {"message": "Processing batch group 1"}}
{"timestamp": "2025-08-03T21:39:11.726852+00:00", "type": "download", "data": {"message": "Saved: E:\\dumps\\wiki\\Science_20250803_213911.txt", "url": "https://en.wikipedia.org/wiki/Science"}}
{"timestamp": "2025-08-03T21:39:11.728848+00:00", "type": "download", "data": {"message": "Saved: E:\\dumps\\wiki\\Geography_20250803_213911.txt", "url": "https://en.wikipedia.org/wiki/Geography"}}
{"timestamp": "2025-08-03T21:39:11.730871+00:00", "type": "download", "data": {"message": "Saved: E:\\dumps\\wiki\\Emotion_20250803_213911.txt", "url": "https://en.wikipedia.org/wiki/Emotion"}}
{"timestamp": "2025-08-03T21:39:11.811626+00:00", "type": "download", "data": {"message": "Saved: E:\\dumps\\wiki\\Mathematics_20250803_213911.txt", "url": "https://en.wikipedia.org/wiki/Mathematics"}}
{"timestamp": "2025-08-03T21:39:11.813621+00:00", "type": "download", "data": {"message": "Saved: E:\\dumps\\wiki\\Culture_20250803_213911.txt", "url": "https://en.wikipedia.org/wiki/Culture"}}
{"timestamp": "2025-08-03T21:39:11.814617+00:00", "type": "download", "data": {"message": "Saved: E:\\dumps\\wiki\\Chemistry_20250803_213911.txt", "url": "https://en.wikipedia.org/wiki/Chemistry"}}
{"timestamp": "2025-08-03T21:39:11.816612+00:00", "type": "download", "data": {"message": "Saved: E:\\dumps\\wiki\\History_of_philosophy_20250803_213911.txt", "url": "https://en.wikipedia.org/wiki/History_of_philosophy"}}
{"timestamp": "2025-08-03T21:39:11.817610+00:00", "type": "download", "data": {"message": "Saved: E:\\dumps\\wiki\\Physics_20250803_213911.txt", "url": "https://en.wikipedia.org/wiki/Physics"}}
{"timestamp": "2025-08-03T21:39:11.818607+00:00", "type": "download", "data": {"message": "Saved: E:\\dumps\\wiki\\Biography_20250803_213911.txt", "url": "https://en.wikipedia.org/wiki/Biography"}}
{"timestamp": "2025-08-03T21:39:11.819605+00:00", "type": "download", "data": {"message": "Saved: E:\\dumps\\wiki\\Technology_20250803_213911.txt", "url": "https://en.wikipedia.org/wiki/Technology"}}
{"timestamp": "2025-08-03T21:39:11.821599+00:00", "type": "download", "data": {"message": "Saved: E:\\dumps\\wiki\\History_20250803_213911.txt", "url": "https://en.wikipedia.org/wiki/History"}}
{"timestamp": "2025-08-03T21:39:12.188617+00:00", "type": "download", "data": {"message": "Saved: E:\\dumps\\wiki\\Linguistics_20250803_213912.txt", "url": "https://en.wikipedia.org/wiki/Linguistics"}}
{"timestamp": "2025-08-03T21:55:21.330090+00:00", "type": "scheduler", "data": {"message": "Processing batch group 1"}}
{"timestamp": "2025-08-03T21:55:26.201073+00:00", "type": "download", "data": {"message": "Saved: E:\\dumps\\wiki\\Science_20250803_215525.txt", "url": "https://en.wikipedia.org/wiki/Science"}}
{"timestamp": "2025-08-03T21:55:26.202071+00:00", "type": "download", "data": {"message": "Saved: E:\\dumps\\wiki\\Geography_20250803_215525.txt", "url": "https://en.wikipedia.org/wiki/Geography"}}
{"timestamp": "2025-08-03T21:55:26.204065+00:00", "type": "download", "data": {"message": "Saved: E:\\dumps\\wiki\\Emotion_20250803_215525.txt", "url": "https://en.wikipedia.org/wiki/Emotion"}}
{"timestamp": "2025-08-03T21:55:26.210047+00:00", "type": "download", "data": {"message": "Saved: E:\\dumps\\wiki\\Biography_20250803_215525.txt", "url": "https://en.wikipedia.org/wiki/Biography"}}
{"timestamp": "2025-08-03T21:55:26.219025+00:00", "type": "download", "data": {"message": "Saved: E:\\dumps\\wiki\\Culture_20250803_215525.txt", "url": "https://en.wikipedia.org/wiki/Culture"}}
{"timestamp": "2025-08-03T21:55:26.221018+00:00", "type": "download", "data": {"message": "Saved: E:\\dumps\\wiki\\Chemistry_20250803_215525.txt", "url": "https://en.wikipedia.org/wiki/Chemistry"}}
{"timestamp": "2025-08-03T21:55:26.223012+00:00", "type": "download", "data": {"message": "Saved: E:\\dumps\\wiki\\Technology_20250803_215525.txt", "url": "https://en.wikipedia.org/wiki/Technology"}}
{"timestamp": "2025-08-03T21:55:26.225007+00:00", "type": "download", "data": {"message": "Saved: E:\\dumps\\wiki\\Physics_20250803_215525.txt", "url": "https://en.wikipedia.org/wiki/Physics"}}
{"timestamp": "2025-08-03T21:55:26.242959+00:00", "type": "download", "data": {"message": "Saved: E:\\dumps\\wiki\\History_of_philosophy_20250803_215525.txt", "url": "https://en.wikipedia.org/wiki/History_of_philosophy"}}
{"timestamp": "2025-08-03T21:55:26.250938+00:00", "type": "download", "data": {"message": "Saved: E:\\dumps\\wiki\\Mathematics_20250803_215526.txt", "url": "https://en.wikipedia.org/wiki/Mathematics"}}
{"timestamp": "2025-08-03T21:55:26.252933+00:00", "type": "download", "data": {"message": "Saved: E:\\dumps\\wiki\\History_20250803_215525.txt", "url": "https://en.wikipedia.org/wiki/History"}}
{"timestamp": "2025-08-03T21:55:26.656087+00:00", "type": "download", "data": {"message": "Saved: E:\\dumps\\wiki\\Linguistics_20250803_215526.txt", "url": "https://en.wikipedia.org/wiki/Linguistics"}}
{"timestamp": "2025-08-03T21:56:42.109270+00:00", "type": "scheduler", "data": {"message": "Processing batch group 1"}}
{"timestamp": "2025-08-03T21:56:46.558167+00:00", "type": "download", "data": {"message": "Saved: E:\\dumps\\wiki\\Biography_20250803_215646.txt", "url": "https://en.wikipedia.org/wiki/Biography"}}
{"timestamp": "2025-08-03T21:56:46.572128+00:00", "type": "download", "data": {"message": "Saved: E:\\dumps\\wiki\\Chemistry_20250803_215646.txt", "url": "https://en.wikipedia.org/wiki/Chemistry"}}
{"timestamp": "2025-08-03T21:56:46.574124+00:00", "type": "download", "data": {"message": "Saved: E:\\dumps\\wiki\\Culture_20250803_215646.txt", "url": "https://en.wikipedia.org/wiki/Culture"}}
{"timestamp": "2025-08-03T21:56:46.577115+00:00", "type": "download", "data": {"message": "Saved: E:\\dumps\\wiki\\Geography_20250803_215646.txt", "url": "https://en.wikipedia.org/wiki/Geography"}}
{"timestamp": "2025-08-03T21:56:46.581134+00:00", "type": "download", "data": {"message": "Saved: E:\\dumps\\wiki\\Emotion_20250803_215646.txt", "url": "https://en.wikipedia.org/wiki/Emotion"}}
{"timestamp": "2025-08-03T21:56:46.590110+00:00", "type": "download", "data": {"message": "Saved: E:\\dumps\\wiki\\Physics_20250803_215646.txt", "url": "https://en.wikipedia.org/wiki/Physics"}}
{"timestamp": "2025-08-03T21:56:46.594070+00:00", "type": "download", "data": {"message": "Saved: E:\\dumps\\wiki\\Technology_20250803_215646.txt", "url": "https://en.wikipedia.org/wiki/Technology"}}
{"timestamp": "2025-08-03T21:56:46.600054+00:00", "type": "download", "data": {"message": "Saved: E:\\dumps\\wiki\\Science_20250803_215646.txt", "url": "https://en.wikipedia.org/wiki/Science"}}
{"timestamp": "2025-08-03T21:56:46.621027+00:00", "type": "download", "data": {"message": "Saved: E:\\dumps\\wiki\\History_of_philosophy_20250803_215646.txt", "url": "https://en.wikipedia.org/wiki/History_of_philosophy"}}
{"timestamp": "2025-08-03T21:56:46.696886+00:00", "type": "download", "data": {"message": "Saved: E:\\dumps\\wiki\\History_20250803_215646.txt", "url": "https://en.wikipedia.org/wiki/History"}}
{"timestamp": "2025-08-03T21:56:46.957160+00:00", "type": "download", "data": {"message": "Saved: E:\\dumps\\wiki\\Mathematics_20250803_215646.txt", "url": "https://en.wikipedia.org/wiki/Mathematics"}}
{"timestamp": "2025-08-03T21:56:47.028969+00:00", "type": "download", "data": {"message": "Saved: E:\\dumps\\wiki\\Linguistics_20250803_215646.txt", "url": "https://en.wikipedia.org/wiki/Linguistics"}}
{"timestamp": "2025-08-03T22:05:34.006688+00:00", "type": "scheduler", "data": {"message": "Processing batch group 1"}}
{"timestamp": "2025-08-03T22:05:38.277043+00:00", "type": "error:download", "data": {"message": "Failed https://dumps.wikimedia.org/enwiki/latest/enwiki-latest-pages-articles.xml.bz2: "}}
{"timestamp": "2025-08-03T22:05:38.996403+00:00", "type": "download", "data": {"message": "Saved: E:\\dumps\\wiki\\Biography_20250803_220538.txt", "url": "https://en.wikipedia.org/wiki/Biography"}}
{"timestamp": "2025-08-03T22:05:39.002387+00:00", "type": "download", "data": {"message": "Saved: E:\\dumps\\wiki\\Science_20250803_220538.txt", "url": "https://en.wikipedia.org/wiki/Science"}}
{"timestamp": "2025-08-03T22:05:39.000393+00:00", "type": "download", "data": {"message": "Saved: E:\\dumps\\wiki\\Geography_20250803_220538.txt", "url": "https://en.wikipedia.org/wiki/Geography"}}
{"timestamp": "2025-08-03T22:05:38.998398+00:00", "type": "download", "data": {"message": "Saved: E:\\dumps\\wiki\\Emotion_20250803_220538.txt", "url": "https://en.wikipedia.org/wiki/Emotion"}}
{"timestamp": "2025-08-03T22:05:39.067214+00:00", "type": "download", "data": {"message": "Saved: E:\\dumps\\wiki\\Chemistry_20250803_220538.txt", "url": "https://en.wikipedia.org/wiki/Chemistry"}}
{"timestamp": "2025-08-03T22:05:39.069210+00:00", "type": "download", "data": {"message": "Saved: E:\\dumps\\wiki\\Physics_20250803_220538.txt", "url": "https://en.wikipedia.org/wiki/Physics"}}
{"timestamp": "2025-08-03T22:05:39.070207+00:00", "type": "download", "data": {"message": "Saved: E:\\dumps\\wiki\\Culture_20250803_220538.txt", "url": "https://en.wikipedia.org/wiki/Culture"}}
{"timestamp": "2025-08-03T22:05:39.071204+00:00", "type": "download", "data": {"message": "Saved: E:\\dumps\\wiki\\Linguistics_20250803_220538.txt", "url": "https://en.wikipedia.org/wiki/Linguistics"}}
{"timestamp": "2025-08-03T22:05:39.073199+00:00", "type": "download", "data": {"message": "Saved: E:\\dumps\\wiki\\Technology_20250803_220538.txt", "url": "https://en.wikipedia.org/wiki/Technology"}}
{"timestamp": "2025-08-03T22:05:39.076190+00:00", "type": "download", "data": {"message": "Saved: E:\\dumps\\wiki\\History_20250803_220538.txt", "url": "https://en.wikipedia.org/wiki/History"}}
{"timestamp": "2025-08-03T22:05:39.075193+00:00", "type": "download", "data": {"message": "Saved: E:\\dumps\\wiki\\History_of_philosophy_20250803_220538.txt", "url": "https://en.wikipedia.org/wiki/History_of_philosophy"}}
{"timestamp": "2025-08-03T22:05:40.319226+00:00", "type": "scheduler", "data": {"message": "Cycle 1 complete. 1 batches remaining."}}
{"timestamp": "2025-08-03T22:07:04.633115+00:00", "type": "scheduler", "data": {"message": "Processing batch group 2"}}
{"timestamp": "2025-08-03T22:07:10.082663+00:00", "type": "error:download", "data": {"message": "Failed https://dumps.wikimedia.org/enwiki/latest/enwiki-latest-pages-articles.xml.bz2: "}}
{"timestamp": "2025-08-03T22:07:10.336191+00:00", "type": "download", "data": {"message": "Saved: E:\\dumps\\wiki\\Biography_20250803_220710.txt", "url": "https://en.wikipedia.org/wiki/Biography"}}
{"timestamp": "2025-08-03T22:07:10.394125+00:00", "type": "download", "data": {"message": "Saved: E:\\dumps\\wiki\\Emotion_20250803_220710.txt", "url": "https://en.wikipedia.org/wiki/Emotion"}}
{"timestamp": "2025-08-03T22:07:10.408087+00:00", "type": "download", "data": {"message": "Saved: E:\\dumps\\wiki\\Culture_20250803_220710.txt", "url": "https://en.wikipedia.org/wiki/Culture"}}
{"timestamp": "2025-08-03T22:07:10.421131+00:00", "type": "download", "data": {"message": "Saved: E:\\dumps\\wiki\\Geography_20250803_220710.txt", "url": "https://en.wikipedia.org/wiki/Geography"}}
{"timestamp": "2025-08-03T22:07:10.431104+00:00", "type": "download", "data": {"message": "Saved: E:\\dumps\\wiki\\Chemistry_20250803_220710.txt", "url": "https://en.wikipedia.org/wiki/Chemistry"}}
{"timestamp": "2025-08-03T22:07:10.433098+00:00", "type": "download", "data": {"message": "Saved: E:\\dumps\\wiki\\Physics_20250803_220710.txt", "url": "https://en.wikipedia.org/wiki/Physics"}}
{"timestamp": "2025-08-03T22:07:10.445065+00:00", "type": "download", "data": {"message": "Saved: E:\\dumps\\wiki\\Science_20250803_220710.txt", "url": "https://en.wikipedia.org/wiki/Science"}}
{"timestamp": "2025-08-03T22:07:10.446063+00:00", "type": "download", "data": {"message": "Saved: E:\\dumps\\wiki\\History_of_philosophy_20250803_220710.txt", "url": "https://en.wikipedia.org/wiki/History_of_philosophy"}}
{"timestamp": "2025-08-03T22:07:10.448058+00:00", "type": "download", "data": {"message": "Saved: E:\\dumps\\wiki\\Technology_20250803_220710.txt", "url": "https://en.wikipedia.org/wiki/Technology"}}
{"timestamp": "2025-08-03T22:07:10.518897+00:00", "type": "download", "data": {"message": "Saved: E:\\dumps\\wiki\\History_20250803_220710.txt", "url": "https://en.wikipedia.org/wiki/History"}}
{"timestamp": "2025-08-03T22:07:10.607660+00:00", "type": "download", "data": {"message": "Saved: E:\\dumps\\wiki\\Mathematics_20250803_220710.txt", "url": "https://en.wikipedia.org/wiki/Mathematics"}}
{"timestamp": "2025-08-03T22:07:10.612646+00:00", "type": "download", "data": {"message": "Saved: E:\\dumps\\wiki\\Linguistics_20250803_220710.txt", "url": "https://en.wikipedia.org/wiki/Linguistics"}}
{"timestamp": "2025-08-03T22:07:10.735051+00:00", "type": "scheduler", "data": {"message": "Cycle 2 complete. 1 batches remaining."}}
{"timestamp": "2025-08-03T22:07:31.160549+00:00", "type": "scheduler", "data": {"message": "Processing batch group 3"}}
{"timestamp": "2025-08-03T22:07:35.381751+00:00", "type": "error:download", "data": {"message": "Failed https://dumps.wikimedia.org/enwiki/latest/enwiki-latest-pages-articles.xml.bz2: "}}
{"timestamp": "2025-08-03T22:07:35.607148+00:00", "type": "download", "data": {"message": "Saved: E:\\dumps\\wiki\\Biography_20250803_220735.txt", "url": "https://en.wikipedia.org/wiki/Biography"}}
{"timestamp": "2025-08-03T22:07:35.684939+00:00", "type": "download", "data": {"message": "Saved: E:\\dumps\\wiki\\Chemistry_20250803_220735.txt", "url": "https://en.wikipedia.org/wiki/Chemistry"}}
{"timestamp": "2025-08-03T22:07:35.690924+00:00", "type": "download", "data": {"message": "Saved: E:\\dumps\\wiki\\Culture_20250803_220735.txt", "url": "https://en.wikipedia.org/wiki/Culture"}}
{"timestamp": "2025-08-03T22:07:35.694912+00:00", "type": "download", "data": {"message": "Saved: E:\\dumps\\wiki\\Emotion_20250803_220735.txt", "url": "https://en.wikipedia.org/wiki/Emotion"}}
{"timestamp": "2025-08-03T22:07:35.696908+00:00", "type": "download", "data": {"message": "Saved: E:\\dumps\\wiki\\Geography_20250803_220735.txt", "url": "https://en.wikipedia.org/wiki/Geography"}}
{"timestamp": "2025-08-03T22:07:35.719846+00:00", "type": "download", "data": {"message": "Saved: E:\\dumps\\wiki\\Technology_20250803_220735.txt", "url": "https://en.wikipedia.org/wiki/Technology"}}
{"timestamp": "2025-08-03T22:07:35.721842+00:00", "type": "download", "data": {"message": "Saved: E:\\dumps\\wiki\\Physics_20250803_220735.txt", "url": "https://en.wikipedia.org/wiki/Physics"}}
{"timestamp": "2025-08-03T22:07:35.723836+00:00", "type": "download", "data": {"message": "Saved: E:\\dumps\\wiki\\Science_20250803_220735.txt", "url": "https://en.wikipedia.org/wiki/Science"}}
{"timestamp": "2025-08-03T22:07:35.772705+00:00", "type": "download", "data": {"message": "Saved: E:\\dumps\\wiki\\History_of_philosophy_20250803_220735.txt", "url": "https://en.wikipedia.org/wiki/History_of_philosophy"}}
{"timestamp": "2025-08-03T22:07:35.818611+00:00", "type": "download", "data": {"message": "Saved: E:\\dumps\\wiki\\History_20250803_220735.txt", "url": "https://en.wikipedia.org/wiki/History"}}
{"timestamp": "2025-08-03T22:07:35.865488+00:00", "type": "download", "data": {"message": "Saved: E:\\dumps\\wiki\\Linguistics_20250803_220735.txt", "url": "https://en.wikipedia.org/wiki/Linguistics"}}
{"timestamp": "2025-08-03T22:07:35.915323+00:00", "type": "download", "data": {"message": "Saved: E:\\dumps\\wiki\\Mathematics_20250803_220735.txt", "url": "https://en.wikipedia.org/wiki/Mathematics"}}
{"timestamp": "2025-08-03T22:07:36.034415+00:00", "type": "scheduler", "data": {"message": "Cycle 3 complete. 1 batches remaining."}}
{"timestamp": "2025-08-03T22:07:53.648043+00:00", "type": "scheduler", "data": {"message": "Processing batch group 4"}}
{"timestamp": "2025-08-03T22:07:57.701198+00:00", "type": "error:download", "data": {"message": "Failed https://dumps.wikimedia.org/enwiki/latest/enwiki-latest-pages-articles.xml.bz2: "}}
{"timestamp": "2025-08-03T22:07:57.922606+00:00", "type": "download", "data": {"message": "Saved: E:\\dumps\\wiki\\Biography_20250803_220757.txt", "url": "https://en.wikipedia.org/wiki/Biography"}}
{"timestamp": "2025-08-03T22:07:58.051261+00:00", "type": "download", "data": {"message": "Saved: E:\\dumps\\wiki\\Geography_20250803_220757.txt", "url": "https://en.wikipedia.org/wiki/Geography"}}
{"timestamp": "2025-08-03T22:07:58.065224+00:00", "type": "download", "data": {"message": "Saved: E:\\dumps\\wiki\\Culture_20250803_220757.txt", "url": "https://en.wikipedia.org/wiki/Culture"}}
{"timestamp": "2025-08-03T22:07:58.079187+00:00", "type": "download", "data": {"message": "Saved: E:\\dumps\\wiki\\Chemistry_20250803_220757.txt", "url": "https://en.wikipedia.org/wiki/Chemistry"}}
{"timestamp": "2025-08-03T22:07:58.081182+00:00", "type": "download", "data": {"message": "Saved: E:\\dumps\\wiki\\Science_20250803_220758.txt", "url": "https://en.wikipedia.org/wiki/Science"}}
{"timestamp": "2025-08-03T22:07:58.082180+00:00", "type": "download", "data": {"message": "Saved: E:\\dumps\\wiki\\Emotion_20250803_220758.txt", "url": "https://en.wikipedia.org/wiki/Emotion"}}
{"timestamp": "2025-08-03T22:07:58.094147+00:00", "type": "download", "data": {"message": "Saved: E:\\dumps\\wiki\\Technology_20250803_220757.txt", "url": "https://en.wikipedia.org/wiki/Technology"}}
{"timestamp": "2025-08-03T22:07:58.102126+00:00", "type": "download", "data": {"message": "Saved: E:\\dumps\\wiki\\Physics_20250803_220758.txt", "url": "https://en.wikipedia.org/wiki/Physics"}}
{"timestamp": "2025-08-03T22:07:58.108110+00:00", "type": "download", "data": {"message": "Saved: E:\\dumps\\wiki\\History_of_philosophy_20250803_220758.txt", "url": "https://en.wikipedia.org/wiki/History_of_philosophy"}}
{"timestamp": "2025-08-03T22:07:58.149998+00:00", "type": "download", "data": {"message": "Saved: E:\\dumps\\wiki\\History_20250803_220758.txt", "url": "https://en.wikipedia.org/wiki/History"}}
{"timestamp": "2025-08-03T22:07:58.268680+00:00", "type": "download", "data": {"message": "Saved: E:\\dumps\\wiki\\Mathematics_20250803_220758.txt", "url": "https://en.wikipedia.org/wiki/Mathematics"}}
{"timestamp": "2025-08-03T22:07:58.303611+00:00", "type": "download", "data": {"message": "Saved: E:\\dumps\\wiki\\Linguistics_20250803_220758.txt", "url": "https://en.wikipedia.org/wiki/Linguistics"}}
{"timestamp": "2025-08-03T22:07:58.358440+00:00", "type": "scheduler", "data": {"message": "Cycle 4 complete. 1 batches remaining."}}
{"timestamp": "2025-08-03T22:08:11.664197+00:00", "type": "scheduler", "data": {"message": "Processing batch group 5"}}
{"timestamp": "2025-08-03T22:08:15.819765+00:00", "type": "error:download", "data": {"message": "Failed https://dumps.wikimedia.org/enwiki/latest/enwiki-latest-pages-articles.xml.bz2: "}}
{"timestamp": "2025-08-03T22:08:16.008345+00:00", "type": "download", "data": {"message": "Saved: E:\\dumps\\wiki\\Biography_20250803_220815.txt", "url": "https://en.wikipedia.org/wiki/Biography"}}
{"timestamp": "2025-08-03T22:08:16.123038+00:00", "type": "download", "data": {"message": "Saved: E:\\dumps\\wiki\\Emotion_20250803_220816.txt", "url": "https://en.wikipedia.org/wiki/Emotion"}}
{"timestamp": "2025-08-03T22:08:16.141988+00:00", "type": "download", "data": {"message": "Saved: E:\\dumps\\wiki\\Culture_20250803_220816.txt", "url": "https://en.wikipedia.org/wiki/Culture"}}
{"timestamp": "2025-08-03T22:08:16.147972+00:00", "type": "download", "data": {"message": "Saved: E:\\dumps\\wiki\\Chemistry_20250803_220816.txt", "url": "https://en.wikipedia.org/wiki/Chemistry"}}
{"timestamp": "2025-08-03T22:08:16.149966+00:00", "type": "download", "data": {"message": "Saved: E:\\dumps\\wiki\\Technology_20250803_220816.txt", "url": "https://en.wikipedia.org/wiki/Technology"}}
{"timestamp": "2025-08-03T22:08:16.181881+00:00", "type": "download", "data": {"message": "Saved: E:\\dumps\\wiki\\Science_20250803_220816.txt", "url": "https://en.wikipedia.org/wiki/Science"}}
{"timestamp": "2025-08-03T22:08:16.182877+00:00", "type": "download", "data": {"message": "Saved: E:\\dumps\\wiki\\Physics_20250803_220816.txt", "url": "https://en.wikipedia.org/wiki/Physics"}}
{"timestamp": "2025-08-03T22:08:16.191854+00:00", "type": "download", "data": {"message": "Saved: E:\\dumps\\wiki\\Geography_20250803_220816.txt", "url": "https://en.wikipedia.org/wiki/Geography"}}
{"timestamp": "2025-08-03T22:08:16.223769+00:00", "type": "download", "data": {"message": "Saved: E:\\dumps\\wiki\\History_of_philosophy_20250803_220816.txt", "url": "https://en.wikipedia.org/wiki/History_of_philosophy"}}
{"timestamp": "2025-08-03T22:08:16.268648+00:00", "type": "download", "data": {"message": "Saved: E:\\dumps\\wiki\\History_20250803_220816.txt", "url": "https://en.wikipedia.org/wiki/History"}}
{"timestamp": "2025-08-03T22:08:16.379353+00:00", "type": "download", "data": {"message": "Saved: E:\\dumps\\wiki\\Linguistics_20250803_220816.txt", "url": "https://en.wikipedia.org/wiki/Linguistics"}}
{"timestamp": "2025-08-03T22:08:16.406280+00:00", "type": "download", "data": {"message": "Saved: E:\\dumps\\wiki\\Mathematics_20250803_220816.txt", "url": "https://en.wikipedia.org/wiki/Mathematics"}}
{"timestamp": "2025-08-03T22:08:16.497055+00:00", "type": "scheduler", "data": {"message": "Cycle 5 complete. 1 batches remaining."}}
{"timestamp": "2025-08-03T22:12:59.515716+00:00", "type": "scheduler", "data": {"message": "Processing batch group 6"}}
{"timestamp": "2025-08-03T22:13:09.097818+00:00", "type": "error:download", "data": {"message": "Failed https://dumps.wikimedia.org/enwiki/latest/enwiki-latest-pages-articles.xml.bz2: "}}
{"timestamp": "2025-08-03T22:13:10.277660+00:00", "type": "download", "data": {"message": "Saved: E:\\dumps\\wiki\\Emotion_20250803_221309.txt", "url": "https://en.wikipedia.org/wiki/Emotion"}}
{"timestamp": "2025-08-03T22:13:10.279654+00:00", "type": "download", "data": {"message": "Saved: E:\\dumps\\wiki\\Science_20250803_221309.txt", "url": "https://en.wikipedia.org/wiki/Science"}}
{"timestamp": "2025-08-03T22:13:10.293647+00:00", "type": "download", "data": {"message": "Saved: E:\\dumps\\wiki\\Geography_20250803_221309.txt", "url": "https://en.wikipedia.org/wiki/Geography"}}
{"timestamp": "2025-08-03T22:13:10.297606+00:00", "type": "download", "data": {"message": "Saved: E:\\dumps\\wiki\\Physics_20250803_221309.txt", "url": "https://en.wikipedia.org/wiki/Physics"}}
{"timestamp": "2025-08-03T22:13:10.298604+00:00", "type": "download", "data": {"message": "Saved: E:\\dumps\\wiki\\Chemistry_20250803_221309.txt", "url": "https://en.wikipedia.org/wiki/Chemistry"}}
{"timestamp": "2025-08-03T22:13:10.304590+00:00", "type": "download", "data": {"message": "Saved: E:\\dumps\\wiki\\Culture_20250803_221309.txt", "url": "https://en.wikipedia.org/wiki/Culture"}}
{"timestamp": "2025-08-03T22:13:10.309576+00:00", "type": "download", "data": {"message": "Saved: E:\\dumps\\wiki\\Linguistics_20250803_221309.txt", "url": "https://en.wikipedia.org/wiki/Linguistics"}}
{"timestamp": "2025-08-03T22:13:10.316557+00:00", "type": "download", "data": {"message": "Saved: E:\\dumps\\wiki\\Biography_20250803_221309.txt", "url": "https://en.wikipedia.org/wiki/Biography"}}
{"timestamp": "2025-08-03T22:13:10.337501+00:00", "type": "download", "data": {"message": "Saved: E:\\dumps\\wiki\\Technology_20250803_221309.txt", "url": "https://en.wikipedia.org/wiki/Technology"}}
{"timestamp": "2025-08-03T22:13:10.339494+00:00", "type": "download", "data": {"message": "Saved: E:\\dumps\\wiki\\Mathematics_20250803_221309.txt", "url": "https://en.wikipedia.org/wiki/Mathematics"}}
{"timestamp": "2025-08-03T22:13:10.341489+00:00", "type": "download", "data": {"message": "Saved: E:\\dumps\\wiki\\History_of_philosophy_20250803_221309.txt", "url": "https://en.wikipedia.org/wiki/History_of_philosophy"}}
{"timestamp": "2025-08-03T22:13:10.342487+00:00", "type": "download", "data": {"message": "Saved: E:\\dumps\\wiki\\History_20250803_221309.txt", "url": "https://en.wikipedia.org/wiki/History"}}
{"timestamp": "2025-08-03T22:13:10.634730+00:00", "type": "scheduler", "data": {"message": "Cycle 6 complete. 1 batches remaining."}}
{"timestamp": "2025-08-03T23:50:14.323815+00:00", "type": "scheduler", "data": {"message": "Processing batch group 1"}}
{"timestamp": "2025-08-03T23:50:18.936635+00:00", "type": "download", "data": {"message": "Saved: E:\\dumps\\wiki\\Emotion_20250803_235018.txt", "url": "https://en.wikipedia.org/wiki/Emotion"}}
{"timestamp": "2025-08-03T23:50:18.940625+00:00", "type": "download", "data": {"message": "Saved: E:\\dumps\\wiki\\Biography_20250803_235018.txt", "url": "https://en.wikipedia.org/wiki/Biography"}}
{"timestamp": "2025-08-03T23:50:18.951597+00:00", "type": "download", "data": {"message": "Saved: E:\\dumps\\wiki\\Chemistry_20250803_235018.txt", "url": "https://en.wikipedia.org/wiki/Chemistry"}}
{"timestamp": "2025-08-03T23:50:18.953591+00:00", "type": "download", "data": {"message": "Saved: E:\\dumps\\wiki\\Culture_20250803_235018.txt", "url": "https://en.wikipedia.org/wiki/Culture"}}
{"timestamp": "2025-08-03T23:50:18.955584+00:00", "type": "download", "data": {"message": "Saved: E:\\dumps\\wiki\\Physics_20250803_235018.txt", "url": "https://en.wikipedia.org/wiki/Physics"}}
{"timestamp": "2025-08-03T23:50:18.959574+00:00", "type": "download", "data": {"message": "Saved: E:\\dumps\\wiki\\Technology_20250803_235018.txt", "url": "https://en.wikipedia.org/wiki/Technology"}}
{"timestamp": "2025-08-03T23:50:18.970574+00:00", "type": "download", "data": {"message": "Saved: E:\\dumps\\wiki\\Geography_20250803_235018.txt", "url": "https://en.wikipedia.org/wiki/Geography"}}
{"timestamp": "2025-08-03T23:50:18.997472+00:00", "type": "download", "data": {"message": "Saved: E:\\dumps\\wiki\\History_of_philosophy_20250803_235018.txt", "url": "https://en.wikipedia.org/wiki/History_of_philosophy"}}
{"timestamp": "2025-08-03T23:50:19.000466+00:00", "type": "download", "data": {"message": "Saved: E:\\dumps\\wiki\\Science_20250803_235018.txt", "url": "https://en.wikipedia.org/wiki/Science"}}
{"timestamp": "2025-08-03T23:50:19.039361+00:00", "type": "download", "data": {"message": "Saved: E:\\dumps\\wiki\\History_20250803_235018.txt", "url": "https://en.wikipedia.org/wiki/History"}}
{"timestamp": "2025-08-03T23:50:19.269118+00:00", "type": "download", "data": {"message": "Saved: E:\\dumps\\wiki\\Mathematics_20250803_235019.txt", "url": "https://en.wikipedia.org/wiki/Mathematics"}}
{"timestamp": "2025-08-03T23:50:19.381626+00:00", "type": "download", "data": {"message": "Saved: E:\\dumps\\wiki\\Linguistics_20250803_235019.txt", "url": "https://en.wikipedia.org/wiki/Linguistics"}}
