{"timestamp": "2025-08-04T19:24:44.884903+00:00", "type": "download", "data": {"message": "Saved: E:\\dumps\\wiki\\Geography_20250804_192444.txt", "url": "https://en.wikipedia.org/wiki/Geography"}}
{"timestamp": "2025-08-04T19:24:44.886898+00:00", "type": "download", "data": {"message": "Saved: E:\\dumps\\wiki\\Science_20250804_192444.txt", "url": "https://en.wikipedia.org/wiki/Science"}}
{"timestamp": "2025-08-04T19:24:44.899994+00:00", "type": "download", "data": {"message": "Saved: E:\\dumps\\wiki\\Biography_20250804_192444.txt", "url": "https://en.wikipedia.org/wiki/Biography"}}
{"timestamp": "2025-08-04T19:24:44.901989+00:00", "type": "download", "data": {"message": "Saved: E:\\dumps\\wiki\\Chemistry_20250804_192444.txt", "url": "https://en.wikipedia.org/wiki/Chemistry"}}
{"timestamp": "2025-08-04T19:24:44.903983+00:00", "type": "download", "data": {"message": "Saved: E:\\dumps\\wiki\\Culture_20250804_192444.txt", "url": "https://en.wikipedia.org/wiki/Culture"}}
{"timestamp": "2025-08-04T19:24:44.904980+00:00", "type": "download", "data": {"message": "Saved: E:\\dumps\\wiki\\Physics_20250804_192444.txt", "url": "https://en.wikipedia.org/wiki/Physics"}}
{"timestamp": "2025-08-04T19:24:44.912989+00:00", "type": "download", "data": {"message": "Saved: E:\\dumps\\wiki\\Technology_20250804_192444.txt", "url": "https://en.wikipedia.org/wiki/Technology"}}
{"timestamp": "2025-08-04T19:24:44.914956+00:00", "type": "download", "data": {"message": "Saved: E:\\dumps\\wiki\\History_of_philosophy_20250804_192444.txt", "url": "https://en.wikipedia.org/wiki/History_of_philosophy"}}
{"timestamp": "2025-08-04T19:24:44.934971+00:00", "type": "download", "data": {"message": "Saved: E:\\dumps\\wiki\\History_20250804_192444.txt", "url": "https://en.wikipedia.org/wiki/History"}}
{"timestamp": "2025-08-04T19:24:44.977393+00:00", "type": "download", "data": {"message": "Saved: E:\\dumps\\wiki\\Emotion_20250804_192444.txt", "url": "https://en.wikipedia.org/wiki/Emotion"}}
{"timestamp": "2025-08-04T19:29:54.658786+00:00", "type": "download", "data": {"message": "Saved: E:\\dumps\\wiki\\Biography_20250804_192954.txt", "url": "https://en.wikipedia.org/wiki/Biography"}}
{"timestamp": "2025-08-04T19:29:54.753184+00:00", "type": "download", "data": {"message": "Saved: E:\\dumps\\wiki\\Culture_20250804_192954.txt", "url": "https://en.wikipedia.org/wiki/Culture"}}
{"timestamp": "2025-08-04T19:29:54.780111+00:00", "type": "download", "data": {"message": "Saved: E:\\dumps\\wiki\\Chemistry_20250804_192954.txt", "url": "https://en.wikipedia.org/wiki/Chemistry"}}
{"timestamp": "2025-08-04T19:29:54.791082+00:00", "type": "download", "data": {"message": "Saved: E:\\dumps\\wiki\\Geography_20250804_192954.txt", "url": "https://en.wikipedia.org/wiki/Geography"}}
{"timestamp": "2025-08-04T19:29:54.797066+00:00", "type": "download", "data": {"message": "Saved: E:\\dumps\\wiki\\Emotion_20250804_192954.txt", "url": "https://en.wikipedia.org/wiki/Emotion"}}
{"timestamp": "2025-08-04T19:29:54.809034+00:00", "type": "download", "data": {"message": "Saved: E:\\dumps\\wiki\\Physics_20250804_192954.txt", "url": "https://en.wikipedia.org/wiki/Physics"}}
{"timestamp": "2025-08-04T19:29:54.818011+00:00", "type": "download", "data": {"message": "Saved: E:\\dumps\\wiki\\Technology_20250804_192954.txt", "url": "https://en.wikipedia.org/wiki/Technology"}}
{"timestamp": "2025-08-04T19:29:54.829010+00:00", "type": "download", "data": {"message": "Saved: E:\\dumps\\wiki\\Science_20250804_192954.txt", "url": "https://en.wikipedia.org/wiki/Science"}}
{"timestamp": "2025-08-04T19:29:54.879994+00:00", "type": "download", "data": {"message": "Saved: E:\\dumps\\wiki\\History_20250804_192954.txt", "url": "https://en.wikipedia.org/wiki/History"}}
{"timestamp": "2025-08-04T19:29:54.881840+00:00", "type": "download", "data": {"message": "Saved: E:\\dumps\\wiki\\History_of_philosophy_20250804_192954.txt", "url": "https://en.wikipedia.org/wiki/History_of_philosophy"}}
{"timestamp": "2025-08-04T19:42:35.193646+00:00", "type": "download", "data": {"message": "Saved: E:\\dumps\\wiki\\Biography_20250804_194235.txt", "url": "https://en.wikipedia.org/wiki/Biography"}}
{"timestamp": "2025-08-04T19:42:35.322877+00:00", "type": "download", "data": {"message": "Saved: E:\\dumps\\wiki\\Geography_20250804_194235.txt", "url": "https://en.wikipedia.org/wiki/Geography"}}
{"timestamp": "2025-08-04T19:42:35.323875+00:00", "type": "download", "data": {"message": "Saved: E:\\dumps\\wiki\\Emotion_20250804_194235.txt", "url": "https://en.wikipedia.org/wiki/Emotion"}}
{"timestamp": "2025-08-04T19:42:35.334847+00:00", "type": "download", "data": {"message": "Saved: E:\\dumps\\wiki\\Chemistry_20250804_194235.txt", "url": "https://en.wikipedia.org/wiki/Chemistry"}}
{"timestamp": "2025-08-04T19:42:35.336840+00:00", "type": "download", "data": {"message": "Saved: E:\\dumps\\wiki\\Physics_20250804_194235.txt", "url": "https://en.wikipedia.org/wiki/Physics"}}
{"timestamp": "2025-08-04T19:42:35.341857+00:00", "type": "download", "data": {"message": "Saved: E:\\dumps\\wiki\\Technology_20250804_194235.txt", "url": "https://en.wikipedia.org/wiki/Technology"}}
{"timestamp": "2025-08-04T19:42:35.349835+00:00", "type": "download", "data": {"message": "Saved: E:\\dumps\\wiki\\Culture_20250804_194235.txt", "url": "https://en.wikipedia.org/wiki/Culture"}}
{"timestamp": "2025-08-04T19:42:35.392720+00:00", "type": "download", "data": {"message": "Saved: E:\\dumps\\wiki\\History_of_philosophy_20250804_194235.txt", "url": "https://en.wikipedia.org/wiki/History_of_philosophy"}}
{"timestamp": "2025-08-04T19:42:35.394686+00:00", "type": "download", "data": {"message": "Saved: E:\\dumps\\wiki\\Science_20250804_194235.txt", "url": "https://en.wikipedia.org/wiki/Science"}}
{"timestamp": "2025-08-04T19:42:35.451764+00:00", "type": "download", "data": {"message": "Saved: E:\\dumps\\wiki\\History_20250804_194235.txt", "url": "https://en.wikipedia.org/wiki/History"}}
